<?xml version="1.0" encoding="UTF-8"?>
<!-- Generated by org.testng.reporters.JUnitReportReporter -->
<testsuite skipped="0" hostname="Naumans-PC" name="com.orangehrmlive.opensourcedemo.testsuite.ForgotPasswordTest" tests="1" failures="0" timestamp="2022-12-13T21:02:58 GMT" time="3.284" errors="0">
  <testcase name="userShouldNavigateToForgotPasswordPageSuccessfully" time="3.284" classname="com.orangehrmlive.opensourcedemo.testsuite.ForgotPasswordTest"/>
  <system-out>
    <![CDATA[Click on forgot password link[[ChromeDriver: chrome on WINDOWS (8e9f1395e6273328c1cfec97b28bb014)] -> xpath: //p[@class='oxd-text oxd-text--p orangehrm-login-forgot-header']]
The Reset Password Text is [[ChromeDriver: chrome on WINDOWS (8e9f1395e6273328c1cfec97b28bb014)] -> css selector: h6[class='oxd-text oxd-text--h6 orangehrm-forgot-password-title']]
Click to see screenshot
<a target = "_blank" href=C:\Users\nik_7\IdeaProjects\project4-orangehrm-pagefactory-nauman/test-output/html/userShouldNavigateToForgotPasswordPageSuccessfullyTue_Dec_13_21_02_57_GMT_2022.jpg>Screenshot</a>
<br>
<br>
<a target = "_blank" href=C:\Users\nik_7\IdeaProjects\project4-orangehrm-pagefactory-nauman/test-output/html/userShouldNavigateToForgotPasswordPageSuccessfullyTue_Dec_13_21_02_57_GMT_2022.jpg><img src=C:\Users\nik_7\IdeaProjects\project4-orangehrm-pagefactory-nauman/test-output/html/userShouldNavigateToForgotPasswordPageSuccessfullyTue_Dec_13_21_02_57_GMT_2022.jpg height=200 width=200></img></a>]]>
  </system-out>
</testsuite> <!-- com.orangehrmlive.opensourcedemo.testsuite.ForgotPasswordTest -->
