<?xml version="1.0" encoding="UTF-8"?>
<!-- Generated by org.testng.reporters.JUnitReportReporter -->
<testsuite skipped="0" hostname="Naumans-PC" name="com.orangehrmlive.opensourcedemo.testsuite.LoginPageTest" tests="1" failures="0" timestamp="2022-12-13T21:02:58 GMT" time="5.453" errors="0">
  <testcase name="userShouldLoginSuccessfullyWithValidCredentials" time="5.453" classname="com.orangehrmlive.opensourcedemo.testsuite.LoginPageTest"/>
  <system-out>
    <![CDATA[Enter user name Admin to username field [[ChromeDriver: chrome on WINDOWS (b0aaf22bf78bcacb8305d6082bf3e229)] -> name: username]
Enter password admin123 to password field [[ChromeDriver: chrome on WINDOWS (b0aaf22bf78bcacb8305d6082bf3e229)] -> name: password]
Clicking on Login Button [[ChromeDriver: chrome on WINDOWS (b0aaf22bf78bcacb8305d6082bf3e229)] -> css selector: button[type='submit']]
The Dashboard Text is [[ChromeDriver: chrome on WINDOWS (b0aaf22bf78bcacb8305d6082bf3e229)] -> css selector: h6[class='oxd-text oxd-text--h6 oxd-topbar-header-breadcrumb-module']]
Click to see screenshot
<a target = "_blank" href=C:\Users\nik_7\IdeaProjects\project4-orangehrm-pagefactory-nauman/test-output/html/userShouldLoginSuccessfullyWithValidCredentialsTue_Dec_13_21_02_53_GMT_2022.jpg>Screenshot</a>
<br>
<br>
<a target = "_blank" href=C:\Users\nik_7\IdeaProjects\project4-orangehrm-pagefactory-nauman/test-output/html/userShouldLoginSuccessfullyWithValidCredentialsTue_Dec_13_21_02_53_GMT_2022.jpg><img src=C:\Users\nik_7\IdeaProjects\project4-orangehrm-pagefactory-nauman/test-output/html/userShouldLoginSuccessfullyWithValidCredentialsTue_Dec_13_21_02_53_GMT_2022.jpg height=200 width=200></img></a>]]>
  </system-out>
</testsuite> <!-- com.orangehrmlive.opensourcedemo.testsuite.LoginPageTest -->
